<?xml version="1.0" encoding="UTF-8"?>
<testsuite name="edu.scujcc.dian.DianApplicationTests" tests="1" skipped="0" failures="0" errors="0" timestamp="2020-04-22T09:24:06" hostname="BAYERN-2.local" time="0.595">
  <properties/>
  <testcase name="contextLoads()" classname="edu.scujcc.dian.DianApplicationTests" time="0.595"/>
  <system-out><![CDATA[
  .   ____          _            __ _ _
 /\\ / ___'_ __ _ _(_)_ __  __ _ \ \ \ \
( ( )\___ | '_ | '_| | '_ \/ _` | \ \ \ \
 \\/  ___)| |_)| | | | | || (_| |  ) ) ) )
  '  |____| .__|_| |_|_| |_\__, | / / / /
 =========|_|==============|___/=/_/_/_/
 :: Spring Boot ::        (v2.2.5.RELEASE)

2020-04-22 17:24:02.355  INFO 26577 --- [    Test worker] edu.scujcc.dian.DianApplicationTests     : Starting DianApplicationTests on BAYERN-2.local with PID 26577 (started by polichan in /Users/polichan/IdeaProjects/spring_diandian/spring01)
2020-04-22 17:24:02.363  INFO 26577 --- [    Test worker] edu.scujcc.dian.DianApplicationTests     : No active profile set, falling back to default profiles: default
2020-04-22 17:24:05.987  INFO 26577 --- [    Test worker] edu.scujcc.dian.DianApplicationTests     : Started DianApplicationTests in 4.073 seconds (JVM running for 6.088)
]]></system-out>
  <system-err><![CDATA[]]></system-err>
</testsuite>
